<?xml version="1.0" encoding="UTF-8"?>
<!-- Generated by org.testng.reporters.JUnitXMLReporter -->
<testsuite hostname="WKWIN1935029" name="Default test" tests="4" failures="0" timestamp="11 Dec 2020 07:44:58 GMT" time="47.593" errors="0">
  <testcase name="AddLaptop" time="9.628" classname="WebFE.WebFEAuto.LaptopSelect"/>
  <testcase name="AddLaptop" time="11.066" classname="WebFE.WebFEAuto.LaptopSelect"/>
  <testcase name="AddLaptop" time="11.089" classname="WebFE.WebFEAuto.LaptopSelect"/>
  <testcase name="RemoveLaptop" time="7.111" classname="WebFE.WebFEAuto.LaptopSelect"/>
</testsuite> <!-- Default test -->
