<?xml version="1.0" encoding="UTF-8"?>
<!-- Generated by org.testng.reporters.JUnitXMLReporter -->
<testsuite hostname="WKWIN1935029" name="Test1" tests="6" failures="0" timestamp="11 Dec 2020 11:09:48 GMT" time="57.333" errors="0">
  <testcase name="AddLaptop" time="9.599" classname="WebFE.WebFEAuto.LaptopAdd"/>
  <testcase name="AddLaptop" time="11.199" classname="WebFE.WebFEAuto.LaptopAdd"/>
  <testcase name="AddLaptop" time="11.038" classname="WebFE.WebFEAuto.LaptopAdd"/>
  <testcase name="RemoveLaptop" time="6.542" classname="WebFE.WebFEAuto.LaptopDelete"/>
  <testcase name="PlaceOrder" time="9.577" classname="WebFE.WebFEAuto.LaptopSetCompare"/>
  <testcase name="compare" time="0.002" classname="WebFE.WebFEAuto.LaptopSetCompare"/>
</testsuite> <!-- Test1 -->
